{
  "Minitest": {
    "coverage": {
      "/mnt/d/AVION/BACKEND/Avion/Carnest/server/test/controllers/api/v1/admins_controller_test.rb": {
        "lines": [
          1,
          null,
          1,
          null,
          null,
          null,
          null
        ]
      },
      "/mnt/d/AVION/BACKEND/Avion/Carnest/server/test/controllers/api/v1/all_cars_controller_test.rb": {
        "lines": [
          1,
          null,
          1,
          1,
          0,
          null,
          null
        ]
      },
      "/mnt/d/AVION/BACKEND/Avion/Carnest/server/test/controllers/api/v1/bookings_controller_test.rb": {
        "lines": [
          1,
          null,
          1,
          null,
          null,
          null,
          null
        ]
      },
      "/mnt/d/AVION/BACKEND/Avion/Carnest/server/test/controllers/api/v1/cars_controller_test.rb": {
        "lines": [
          1,
          null,
          1,
          null,
          null,
          null,
          null
        ]
      },
      "/mnt/d/AVION/BACKEND/Avion/Carnest/server/test/controllers/api/v1/operator_admin_controller_test.rb": {
        "lines": [
          1,
          null,
          1,
          null,
          null,
          null,
          null
        ]
      },
      "/mnt/d/AVION/BACKEND/Avion/Carnest/server/test/controllers/api/v1/operator_booking_controller_test.rb": {
        "lines": [
          1,
          null,
          1,
          null,
          null,
          null,
          null
        ]
      },
      "/mnt/d/AVION/BACKEND/Avion/Carnest/server/test/controllers/api/v1/operators_controller_test.rb": {
        "lines": [
          1,
          null,
          1,
          null,
          null,
          null,
          null
        ]
      },
      "/mnt/d/AVION/BACKEND/Avion/Carnest/server/test/controllers/api/v1/user_admin_controller_test.rb": {
        "lines": [
          1,
          null,
          1,
          null,
          null,
          null,
          null
        ]
      },
      "/mnt/d/AVION/BACKEND/Avion/Carnest/server/test/controllers/api/v1/user_booking_controller_test.rb": {
        "lines": [
          1,
          null,
          1,
          null,
          null,
          null,
          null
        ]
      },
      "/mnt/d/AVION/BACKEND/Avion/Carnest/server/test/controllers/api/v1/users_controller_test.rb": {
        "lines": [
          1,
          null,
          1,
          null,
          null,
          null,
          null
        ]
      },
      "/mnt/d/AVION/BACKEND/Avion/Carnest/server/test/models/admin_test.rb": {
        "lines": [
          1,
          null,
          1,
          null,
          null,
          null,
          null
        ]
      },
      "/mnt/d/AVION/BACKEND/Avion/Carnest/server/test/models/operator_test.rb": {
        "lines": [
          1,
          null,
          1,
          null,
          null,
          null,
          null
        ]
      },
      "/mnt/d/AVION/BACKEND/Avion/Carnest/server/test/models/user_test.rb": {
        "lines": [
          null,
          null,
          1,
          null,
          1,
          null,
          null
        ]
      }
    },
    "timestamp": 1696068018
  },
  "RSpec": {
    "coverage": {
      "/mnt/d/AVION/BACKEND/Avion/Carnest/server/app/models/admin.rb": {
        "lines": [
          null,
          null,
          1,
          null,
          1,
          null,
          null,
          1,
          null,
          null,
          null,
          null,
          null,
          null
        ]
      },
      "/mnt/d/AVION/BACKEND/Avion/Carnest/server/app/models/application_record.rb": {
        "lines": [
          1,
          1,
          null
        ]
      },
      "/mnt/d/AVION/BACKEND/Avion/Carnest/server/app/models/operator.rb": {
        "lines": [
          null,
          null,
          1,
          null,
          1,
          null,
          null,
          1,
          null,
          null,
          null,
          null,
          null,
          null,
          null,
          1,
          1,
          null
        ]
      },
      "/mnt/d/AVION/BACKEND/Avion/Carnest/server/app/models/user.rb": {
        "lines": [
          null,
          null,
          1,
          null,
          1,
          null,
          null,
          1,
          null,
          null,
          null,
          null,
          null,
          null,
          null,
          1,
          null
        ]
      },
      "/mnt/d/AVION/BACKEND/Avion/Carnest/server/app/controllers/api/v1/admins_controller.rb": {
        "lines": [
          null,
          null,
          1,
          1,
          1,
          null,
          1,
          null,
          1,
          null,
          null,
          1,
          1,
          1,
          null,
          null,
          null,
          1,
          1,
          null,
          null,
          null,
          1,
          1,
          1,
          null,
          null,
          0,
          null,
          null,
          null,
          null,
          1,
          1,
          null,
          1,
          null,
          null,
          1,
          null,
          null,
          1,
          1,
          null,
          null,
          null,
          1,
          2,
          null,
          null,
          null,
          null
        ]
      },
      "/mnt/d/AVION/BACKEND/Avion/Carnest/server/app/controllers/application_controller.rb": {
        "lines": [
          1,
          1,
          1,
          1,
          0,
          null,
          null,
          null
        ]
      },
      "/mnt/d/AVION/BACKEND/Avion/Carnest/server/app/controllers/api/v1/all_cars_controller.rb": {
        "lines": [
          null,
          null,
          1,
          1,
          1,
          null,
          1,
          null,
          1,
          null,
          1,
          null,
          null,
          null,
          1,
          null,
          null,
          2,
          1,
          null,
          1,
          null,
          null,
          1,
          null,
          null,
          null,
          null,
          null
        ]
      },
      "/mnt/d/AVION/BACKEND/Avion/Carnest/server/app/controllers/api/v1/bookings_controller.rb": {
        "lines": [
          null,
          null,
          1,
          1,
          1,
          null,
          1,
          null,
          1,
          null,
          null,
          1,
          null,
          1,
          null,
          1,
          null,
          null,
          null,
          1,
          null,
          1,
          null,
          1,
          null,
          null,
          null,
          1,
          null,
          1,
          1,
          null,
          null,
          0,
          null,
          null,
          null,
          null,
          1,
          null,
          3,
          null,
          2,
          2,
          1,
          null,
          1,
          null,
          null,
          1,
          null,
          null,
          null,
          1,
          null,
          null,
          1,
          5,
          null,
          null,
          null,
          1,
          0,
          null,
          null,
          null,
          null
        ]
      },
      "/mnt/d/AVION/BACKEND/Avion/Carnest/server/app/controllers/api/v1/cars_controller.rb": {
        "lines": [
          null,
          null,
          1,
          1,
          1,
          null,
          1,
          null,
          1,
          null,
          null,
          1,
          null,
          1,
          null,
          1,
          null,
          null,
          null,
          1,
          null,
          1,
          null,
          null,
          null,
          1,
          null,
          1,
          null,
          1,
          1,
          null,
          null,
          0,
          null,
          null,
          null,
          null,
          1,
          3,
          null,
          1,
          null,
          1,
          1,
          1,
          null,
          1,
          1,
          1,
          null,
          1,
          null,
          null,
          0,
          null,
          null,
          null,
          2,
          1,
          null,
          1,
          null,
          null,
          null,
          null,
          null,
          1,
          null,
          1,
          null,
          1,
          null,
          null,
          1,
          null,
          null,
          1,
          5,
          null,
          null,
          null,
          1,
          5,
          null,
          null,
          null,
          null,
          null,
          null,
          null,
          null,
          null
        ]
      },
      "/mnt/d/AVION/BACKEND/Avion/Carnest/server/app/controllers/api/v1/operator_admin_controller.rb": {
        "lines": [
          null,
          null,
          1,
          1,
          1,
          null,
          1,
          null,
          1,
          null,
          null,
          1,
          null,
          1,
          null,
          1,
          null,
          null,
          null,
          1,
          null,
          1,
          null,
          null,
          null,
          1,
          1,
          1,
          null,
          null,
          0,
          null,
          null,
          null,
          null,
          1,
          null,
          1,
          null,
          1,
          null,
          null,
          1,
          null,
          null,
          1,
          3,
          null,
          null,
          null,
          1,
          1,
          null,
          null,
          null,
          null
        ]
      },
      "/mnt/d/AVION/BACKEND/Avion/Carnest/server/app/controllers/api/v1/operator_booking_controller.rb": {
        "lines": [
          null,
          null,
          1,
          1,
          1,
          null,
          1,
          null,
          1,
          null,
          null,
          1,
          null,
          1,
          null,
          1,
          null,
          null,
          null,
          1,
          3,
          2,
          null,
          null,
          2,
          null,
          null,
          2,
          2,
          null,
          null,
          2,
          null,
          null,
          1,
          null,
          null,
          null,
          null,
          1,
          2,
          null,
          1,
          1,
          1,
          null,
          0,
          null,
          null,
          1,
          null,
          null,
          null,
          1,
          null,
          null,
          1,
          5,
          null,
          null,
          null,
          null
        ]
      },
      "/mnt/d/AVION/BACKEND/Avion/Carnest/server/app/controllers/api/v1/operators_controller.rb": {
        "lines": [
          null,
          null,
          1,
          1,
          1,
          null,
          1,
          null,
          null,
          1,
          null,
          1,
          null,
          null,
          null,
          1,
          2,
          1,
          null,
          null,
          1,
          null,
          null,
          null,
          1,
          null,
          null,
          1,
          2,
          null,
          null,
          null,
          null
        ]
      },
      "/mnt/d/AVION/BACKEND/Avion/Carnest/server/app/controllers/api/v1/user_admin_controller.rb": {
        "lines": [
          null,
          null,
          1,
          1,
          1,
          null,
          1,
          null,
          1,
          null,
          null,
          1,
          null,
          1,
          null,
          1,
          null,
          null,
          null,
          1,
          null,
          1,
          null,
          null,
          null,
          1,
          1,
          1,
          null,
          null,
          0,
          null,
          null,
          null,
          null,
          1,
          null,
          1,
          null,
          1,
          null,
          null,
          1,
          null,
          null,
          1,
          3,
          null,
          null,
          null,
          1,
          1,
          null,
          null,
          null,
          null
        ]
      },
      "/mnt/d/AVION/BACKEND/Avion/Carnest/server/app/controllers/api/v1/user_booking_controller.rb": {
        "lines": [
          null,
          null,
          1,
          1,
          1,
          null,
          1,
          null,
          1,
          null,
          null,
          1,
          null,
          1,
          null,
          1,
          null,
          null,
          null,
          1,
          null,
          2,
          null,
          null,
          2,
          null,
          null,
          2,
          null,
          null,
          2,
          1,
          null,
          1,
          null,
          null,
          1,
          null,
          null,
          1,
          1,
          null,
          null,
          1,
          null,
          null,
          0,
          null,
          null,
          null,
          1,
          null,
          null,
          null,
          null,
          1,
          3,
          null,
          2,
          2,
          1,
          null,
          1,
          null,
          null,
          1,
          null,
          null,
          null,
          1,
          null,
          null,
          1,
          3,
          null,
          null,
          null,
          1,
          4,
          null,
          null,
          null,
          null,
          null,
          null,
          null
        ]
      },
      "/mnt/d/AVION/BACKEND/Avion/Carnest/server/app/controllers/api/v1/users_controller.rb": {
        "lines": [
          null,
          null,
          1,
          1,
          1,
          null,
          1,
          null,
          null,
          1,
          null,
          1,
          null,
          null,
          null,
          1,
          null,
          1,
          null,
          1,
          null,
          1,
          null,
          1,
          null,
          null,
          0,
          null,
          null,
          null,
          null,
          1,
          2,
          null,
          1,
          null,
          null,
          1,
          null,
          null,
          null,
          1,
          null,
          null,
          1,
          3,
          null,
          null,
          null,
          null
        ]
      },
      "/mnt/d/AVION/BACKEND/Avion/Carnest/server/app/models/booking.rb": {
        "lines": [
          1,
          1,
          1,
          null
        ]
      },
      "/mnt/d/AVION/BACKEND/Avion/Carnest/server/app/models/car.rb": {
        "lines": [
          1,
          1,
          null
        ]
      }
    },
    "timestamp": 1696343625
  }
}
